{"name": "test_wrong[chromium-Balloons]", "status": "broken", "statusDetails": {"message": "Exception: 'Balloons' not found in navigation '.navbar-nav'", "trace": "self = <tests.test_g_nav.TestNav object at 0x000001CF81E28410>, title_wrong = 'Balloons'\n\n    @pytest.mark.parametrize(\"title_wrong\", [TestData.text_nav[3]])\n    def test_wrong(self, title_wrong):\n        with allure.step(f\"Navigate to missing: {title_wrong}\"):\n>           self.nav_page.nav_page(title_wrong)\n\ntest_g_nav.py:36: \n_ _ _ _ _ _ _ _ _ _ _ _ _ _ _ _ _ _ _ _ _ _ _ _ _ _ _ _ _ _ _ _ _ _ _ _ _ _ _ _ _ _ _ _ _ _ _ _ _ _ _ _ _ _ _ _ _ _ _ _ _ _ _ _ _ _ _ _ _ _ _ _ _ _ _ _ _ _ _ _ _ _ _ _ _ _ _ _ _ _ _ _\n..\\pages\\nav_page.py:14: in nav_page\n    self.nav(self.__NAV_MAIN, title)\n_ _ _ _ _ _ _ _ _ _ _ _ _ _ _ _ _ _ _ _ _ _ _ _ _ _ _ _ _ _ _ _ _ _ _ _ _ _ _ _ _ _ _ _ _ _ _ _ _ _ _ _ _ _ _ _ _ _ _ _ _ _ _ _ _ _ _ _ _ _ _ _ _ _ _ _ _ _ _ _ _ _ _ _ _ _ _ _ _ _ _ _\n\nself = <pages.nav_page.NavPage object at 0x000001CF823660D0>, nav_selector = '.navbar-nav', title = 'Balloons'\n\n    def nav(self, nav_selector, title):\n        self._page.evaluate(BasePage.script)\n        self._page.locator(nav_selector).hover()\n        nav_list = self._page.locator(f\"{nav_selector}  >> li >> a\")\n        count = nav_list.count()\n        for i in range(count):\n            nav_item = nav_list.nth(i)\n            nav_text = nav_item.inner_text().strip()\n    \n            if nav_text == title:\n                nav_item.hover()\n                nav_item.click()\n                return nav_item  # מחזיר את האלמנט שמצא\n>       raise Exception(f\"'{title}' not found in navigation '{nav_selector}'\")\nE       Exception: 'Balloons' not found in navigation '.navbar-nav'\n\n..\\pages\\base_page.py:82: Exception"}, "description": "Verify that products can be found via the navigation menu", "steps": [{"name": "Navigate to missing: Balloons", "status": "broken", "statusDetails": {"message": "Exception: 'Balloons' not found in navigation '.navbar-nav'\n", "trace": "  File \"C:\\Users\\apita\\PycharmProjects\\Final\\tests\\test_g_nav.py\", line 36, in test_wrong\n    self.nav_page.nav_page(title_wrong)\n  File \"C:\\Users\\apita\\PycharmProjects\\Final\\pages\\nav_page.py\", line 14, in nav_page\n    self.nav(self.__NAV_MAIN, title)\n  File \"C:\\Users\\apita\\PycharmProjects\\Final\\pages\\base_page.py\", line 82, in nav\n    raise Exception(f\"'{title}' not found in navigation '{nav_selector}'\")\n"}, "start": 1756924818506, "stop": 1756924820288}], "attachments": [{"name": "Failure Screenshot - test_wrong[chromium-Balloons]", "source": "8e2579bf-9cf2-418b-a4c9-738698b9c1f2-attachment.png", "type": "image/png"}], "parameters": [{"name": "browser_name", "value": "'chromium'"}, {"name": "title_wrong", "value": "'Balloons'"}], "start": 1756924818506, "stop": 1756924820290, "uuid": "e35a6c7c-72f0-4114-bd6a-48bfc0e23b8d", "historyId": "d715e4afe67540d322b0f28c9fcd944c", "testCaseId": "9c5348ca2da606c410fab631cb32b65b", "fullName": "tests.test_g_nav.TestNav#test_wrong", "labels": [{"name": "epic", "value": "Web interface"}, {"name": "story", "value": "As a user I have the ability to navigate freely in the website"}, {"name": "feature", "value": "Nav"}, {"name": "parentSuite", "value": "tests"}, {"name": "suite", "value": "test_g_nav"}, {"name": "subSuite", "value": "TestNav"}, {"name": "host", "value": "LAPTOP-FL91H7FA"}, {"name": "thread", "value": "30124-MainThread"}, {"name": "framework", "value": "pytest"}, {"name": "language", "value": "cpython3"}, {"name": "package", "value": "tests.test_g_nav"}], "titlePath": ["tests", "test_g_nav.py", "TestNav"]}